Error in gzfile(file, mode) : cannot open the connection
Calls: saveRDS -> gzfile
In addition: Warning message:
In gzfile(file, mode) :
  cannot open compressed file '/home/rstudio/scheduling/increment_one.rds', probable reason 'No such file or directory'
Execution halted
Error in gzfile(file, mode) : cannot open the connection
Calls: saveRDS -> gzfile
In addition: Warning message:
In gzfile(file, mode) :
  cannot open compressed file '/home/rstudio/scheduling/increment_one.rds', probable reason 'No such file or directory'
Execution halted
Error in gzfile(file, mode) : cannot open the connection
Calls: saveRDS -> gzfile
In addition: Warning message:
In gzfile(file, mode) :
  cannot open compressed file '/home/rstudio/scheduling/increment_one.rds', probable reason 'No such file or directory'
Execution halted
[1] "2024-11-17 14:26:01: Value of increment_one.rds is 1"
Error in gzfile(file, "rb") : cannot open the connection
Calls: readRDS -> gzfile
In addition: Warning message:
In gzfile(file, "rb") :
  cannot open compressed file '/home/rstudio/scheduling/increment_one.rds', probable reason 'No such file or directory'
Execution halted
Error in gzfile(file, "rb") : cannot open the connection
Calls: readRDS -> gzfile
In addition: Warning message:
In gzfile(file, "rb") :
  cannot open compressed file '/home/rstudio/scheduling/increment_one.rds', probable reason 'No such file or directory'
Execution halted
Error in gzfile(file, "rb") : cannot open the connection
Calls: readRDS -> gzfile
In addition: Warning message:
In gzfile(file, "rb") :
  cannot open compressed file '/home/rstudio/scheduling/increment_one.rds', probable reason 'No such file or directory'
Execution halted
[1] "2024-12-11 12:01:01: Value of increment_one.rds is 2"
[1] "2024-12-11 12:02:01: Value of increment_one.rds is 3"
[1] "2024-12-11 12:03:02: Value of increment_one.rds is 4"
[1] "2024-12-11 12:03:02: Value of increment_one.rds is 5"
[1] "2024-12-11 12:04:02: Value of increment_one.rds is 6"
[1] "2024-12-11 12:04:02: Value of increment_one.rds is 7"
[1] "2024-12-11 12:05:01: Value of increment_one.rds is 8"
[1] "2024-12-11 12:05:01: Value of increment_one.rds is 9"
[1] "2024-12-11 12:06:02: Value of increment_one.rds is 10"
[1] "2024-12-11 12:06:02: Value of increment_one.rds is 11"
[1] "2024-12-11 12:07:02: Value of increment_one.rds is 12"
[1] "2024-12-11 12:07:02: Value of increment_one.rds is 13"
[1] "2024-12-11 12:08:01: Value of increment_one.rds is 14"
[1] "2024-12-11 12:08:01: Value of increment_one.rds is 15"
[1] "2024-12-11 12:09:02: Value of increment_one.rds is 16"
[1] "2024-12-11 12:09:02: Value of increment_one.rds is 17"
[1] "2024-12-11 12:10:02: Value of increment_one.rds is 18"
[1] "2024-12-11 12:10:02: Value of increment_one.rds is 19"
[1] "2024-12-11 12:11:02: Value of increment_one.rds is 20"
[1] "2024-12-11 12:11:02: Value of increment_one.rds is 21"
[1] "2024-12-11 12:12:01: Value of increment_one.rds is 22"
[1] "2024-12-11 12:12:01: Value of increment_one.rds is 23"
[1] "2024-12-11 12:13:02: Value of increment_one.rds is 24"
[1] "2024-12-11 12:13:02: Value of increment_one.rds is 24"
[1] "2024-12-11 12:14:01: Value of increment_one.rds is 25"
[1] "2024-12-11 12:14:01: Value of increment_one.rds is 26"
[1] "2024-12-11 12:19:01: Value of increment_one.rds is 27"
[1] "2024-12-11 12:19:01: Value of increment_one.rds is 28"
[1] "2024-12-11 12:20:02: Value of increment_one.rds is 29"
[1] "2024-12-11 12:20:02: Value of increment_one.rds is 30"
[1] "2024-12-11 12:22:01: Value of increment_one.rds is 31"
[1] "2024-12-11 12:22:01: Value of increment_one.rds is 32"
[1] "2024-12-11 12:23:02: Value of increment_one.rds is 33"
[1] "2024-12-11 12:23:02: Value of increment_one.rds is 34"
[1] "2024-12-11 12:28:01: Value of increment_one.rds is 35"
[1] "2024-12-11 12:30:02: Value of increment_one.rds is 36"
